<?xml version="1.0" encoding="UTF-8"?>
<!-- Generated by org.testng.reporters.JUnitReportReporter -->
<testsuite skipped="0" hostname="SIT-PC" name="com.qa.employeeapi.testcases.TC003_POST_CreateNewEmployee" tests="3" failures="0" timestamp="25 Aug 2019 16:22:44 GMT" time="6.420" errors="0">
  <testcase name="createEmployee" time="6.408" classname="com.qa.employeeapi.testcases.TC003_POST_CreateNewEmployee"/>
  <testcase name="checkResponseBodyForCreate" time="0.010" classname="com.qa.employeeapi.testcases.TC003_POST_CreateNewEmployee"/>
  <testcase name="checkResponseCodeForCreate" time="0.002" classname="com.qa.employeeapi.testcases.TC003_POST_CreateNewEmployee"/>
</testsuite> <!-- com.qa.employeeapi.testcases.TC003_POST_CreateNewEmployee -->
