<?xml version="1.0" encoding="UTF-8"?>
<!-- Generated by org.testng.reporters.JUnitReportReporter -->
<testsuite skipped="0" hostname="SIT-PC" name="com.qa.employeeapi.testcases.TC003_POST_CreateNewEmployee" tests="3" failures="0" timestamp="25 Aug 2019 06:57:16 GMT" time="5.854" errors="0">
  <testcase name="createEmployee" time="5.851" classname="com.qa.employeeapi.testcases.TC003_POST_CreateNewEmployee"/>
  <testcase name="checkResponseBodyForCreate" time="0.002" classname="com.qa.employeeapi.testcases.TC003_POST_CreateNewEmployee"/>
  <testcase name="checkResponseCodeForCreate" time="0.001" classname="com.qa.employeeapi.testcases.TC003_POST_CreateNewEmployee"/>
</testsuite> <!-- com.qa.employeeapi.testcases.TC003_POST_CreateNewEmployee -->
