<?xml version="1.0" encoding="UTF-8"?>
<!-- Generated by org.testng.reporters.JUnitReportReporter -->
<testsuite skipped="0" hostname="SIT-PC" name="com.qa.employeeapi.testcases.TC001_Get_All_Employees" tests="3" failures="0" timestamp="25 Aug 2019 16:22:44 GMT" time="0.138" errors="0">
  <testcase name="checkresponseTime" time="0.002" classname="com.qa.employeeapi.testcases.TC001_Get_All_Employees"/>
  <testcase name="checkResponseBody" time="0.134" classname="com.qa.employeeapi.testcases.TC001_Get_All_Employees"/>
  <testcase name="checkStatusCode" time="0.002" classname="com.qa.employeeapi.testcases.TC001_Get_All_Employees"/>
</testsuite> <!-- com.qa.employeeapi.testcases.TC001_Get_All_Employees -->
