<?xml version="1.0" encoding="UTF-8"?>
<!-- Generated by org.testng.reporters.JUnitReportReporter -->
<testsuite skipped="0" hostname="SIT-PC" name="com.qa.employeeapi.testcases.TC005_DELETE_DeleteExistingEmployee" tests="3" failures="0" timestamp="25 Aug 2019 16:22:44 GMT" time="0.006" errors="0">
  <testcase name="validateResponseBody" time="0.003" classname="com.qa.employeeapi.testcases.TC005_DELETE_DeleteExistingEmployee"/>
  <testcase name="validateStatusCode" time="0.002" classname="com.qa.employeeapi.testcases.TC005_DELETE_DeleteExistingEmployee"/>
  <testcase name="validateStatusLine" time="0.001" classname="com.qa.employeeapi.testcases.TC005_DELETE_DeleteExistingEmployee"/>
</testsuite> <!-- com.qa.employeeapi.testcases.TC005_DELETE_DeleteExistingEmployee -->
