<?xml version="1.0" encoding="UTF-8"?>
<!-- Generated by org.testng.reporters.JUnitReportReporter -->
<testsuite skipped="0" hostname="SIT-PC" name="com.qa.employeeapi.testcases.TC002_Get_Specific_Employee" tests="2" failures="0" timestamp="25 Aug 2019 16:22:44 GMT" time="0.007" errors="0">
  <testcase name="checkResponseData" time="0.005" classname="com.qa.employeeapi.testcases.TC002_Get_Specific_Employee"/>
  <testcase name="checkStatusCode" time="0.002" classname="com.qa.employeeapi.testcases.TC002_Get_Specific_Employee"/>
</testsuite> <!-- com.qa.employeeapi.testcases.TC002_Get_Specific_Employee -->
