<?xml version="1.0" encoding="UTF-8"?>
<!-- Generated by org.testng.reporters.JUnitReportReporter -->
<testsuite skipped="0" hostname="SIT-PC" name="com.qa.employeeapi.testcases.TC001_Get_All_Employees" tests="3" failures="0" timestamp="25 Aug 2019 06:57:16 GMT" time="0.172" errors="0">
  <testcase name="checkStatusCode" time="0.006" classname="com.qa.employeeapi.testcases.TC001_Get_All_Employees"/>
  <testcase name="checkresponseTime" time="0.002" classname="com.qa.employeeapi.testcases.TC001_Get_All_Employees"/>
  <testcase name="checkResponseBody" time="0.164" classname="com.qa.employeeapi.testcases.TC001_Get_All_Employees"/>
</testsuite> <!-- com.qa.employeeapi.testcases.TC001_Get_All_Employees -->
