<?xml version="1.0" encoding="UTF-8"?>
<!-- Generated by org.testng.reporters.JUnitReportReporter -->
<testsuite skipped="0" hostname="SIT-PC" name="com.qa.employeeapi.testcases.TC004_PUT_UpdateExistingEmployee" tests="3" failures="0" timestamp="25 Aug 2019 06:57:16 GMT" time="5.764" errors="0">
  <testcase name="updateEmployeeRecord" time="5.760" classname="com.qa.employeeapi.testcases.TC004_PUT_UpdateExistingEmployee"/>
  <testcase name="verifyStatusCodeForUpdate" time="0.001" classname="com.qa.employeeapi.testcases.TC004_PUT_UpdateExistingEmployee"/>
  <testcase name="checkResponseBodyForUpdate" time="0.003" classname="com.qa.employeeapi.testcases.TC004_PUT_UpdateExistingEmployee"/>
</testsuite> <!-- com.qa.employeeapi.testcases.TC004_PUT_UpdateExistingEmployee -->
